#
# A fatal error has been detected by the Java Runtime Environment:
#
#  Internal Error (javaClasses.cpp:129), pid=9884, tid=8760
#  fatal error: Invalid layout of preloaded class
#
# JRE version: 7.0_25-b17
# Java VM: Java HotSpot(TM) 64-Bit Server VM (23.25-b01 mixed mode windows-amd64 compressed oops)
# Failed to write core dump. Minidumps are not enabled by default on client versions of Windows
#
# If you would like to submit a bug report, please visit:
#   http://bugreport.sun.com/bugreport/crash.jsp
#

---------------  T H R E A D  ---------------

Current thread (0x000000000256d000):  JavaThread "Unknown thread" [_thread_in_vm, id=8760, stack(0x00000000027e0000,0x00000000028e0000)]

Stack: [0x00000000027e0000,0x00000000028e0000]

---------------  P R O C E S S  ---------------

Java Threads: ( => current thread )

Other Threads:

=>0x000000000256d000 (exited) JavaThread "Unknown thread" [_thread_in_vm, id=8760, stack(0x00000000027e0000,0x00000000028e0000)]

VM state:not at safepoint (not fully initialized)

VM Mutex/Monitor currently owned by a thread: None

GC Heap History (0 events):
No events

Deoptimization events (0 events):
No events

Internal exceptions (0 events):
No events

Events (10 events):
Event: 0.517 loading class 0x0000000002420840 done
Event: 0.517 loading class 0x00000000023e2c80 done
Event: 0.517 loading class 0x00000000023e2c50
Event: 0.518 loading class 0x000000000242b4d0
Event: 0.518 loading class 0x000000000242b4d0 done
Event: 0.518 loading class 0x000000000242b510
Event: 0.538 loading class 0x000000000242b510 done
Event: 0.538 loading class 0x0000000008a3e230
Event: 0.539 loading class 0x0000000008a3e230 done
Event: 0.539 loading class 0x00000000023e2c50 done


Dynamic libraries:
0x000000013fde0000 - 0x000000013fe13000 	C:\Program Files\Java\jre7\bin\javaw.exe
0x00000000778c0000 - 0x0000000077a69000 	C:\windows\SYSTEM32\ntdll.dll
0x00000000776a0000 - 0x00000000777bf000 	C:\windows\system32\kernel32.dll
0x000007fefd8a0000 - 0x000007fefd90b000 	C:\windows\system32\KERNELBASE.dll
0x000007feff6f0000 - 0x000007feff7cb000 	C:\windows\system32\ADVAPI32.dll
0x000007fefdaa0000 - 0x000007fefdb3f000 	C:\windows\system32\msvcrt.dll
0x000007feff8a0000 - 0x000007feff8bf000 	C:\windows\SYSTEM32\sechost.dll
0x000007feff5c0000 - 0x000007feff6ed000 	C:\windows\system32\RPCRT4.dll
0x00000000777c0000 - 0x00000000778ba000 	C:\windows\system32\USER32.dll
0x000007fefdb40000 - 0x000007fefdba7000 	C:\windows\system32\GDI32.dll
0x000007fefdd20000 - 0x000007fefdd2e000 	C:\windows\system32\LPK.dll
0x000007fefdc50000 - 0x000007fefdd19000 	C:\windows\system32\USP10.dll
0x000007fefbd00000 - 0x000007fefbef4000 	C:\windows\WinSxS\amd64_microsoft.windows.common-controls_6595b64144ccf1df_6.0.7601.17514_none_fa396087175ac9ac\COMCTL32.dll
0x000007fefde90000 - 0x000007fefdf01000 	C:\windows\system32\SHLWAPI.dll
0x000007feffba0000 - 0x000007feffbce000 	C:\windows\system32\IMM32.DLL
0x000007feff350000 - 0x000007feff459000 	C:\windows\system32\MSCTF.dll
0x0000000070ba0000 - 0x0000000070c71000 	C:\Program Files\Java\jre7\bin\msvcr100.dll
0x000000005ebd0000 - 0x000000005f2df000 	C:\Program Files\Java\jre7\bin\server\jvm.dll
0x000007fef87e0000 - 0x000007fef87e9000 	C:\windows\system32\WSOCK32.dll
0x000007feff850000 - 0x000007feff89d000 	C:\windows\system32\WS2_32.dll
0x000007fefe0f0000 - 0x000007fefe0f8000 	C:\windows\system32\NSI.dll
0x000007fefb440000 - 0x000007fefb47b000 	C:\windows\system32\WINMM.dll
0x0000000077a90000 - 0x0000000077a97000 	C:\windows\system32\PSAPI.DLL
0x0000000074b50000 - 0x0000000074b5f000 	C:\Program Files\Java\jre7\bin\verify.dll
0x0000000072060000 - 0x0000000072088000 	C:\Program Files\Java\jre7\bin\java.dll
0x000000006f9d0000 - 0x000000006fa05000 	C:\Program Files\Java\jre7\bin\jdwp.dll
0x0000000074d60000 - 0x0000000074d68000 	C:\Program Files\Java\jre7\bin\npt.dll
0x00000000722a0000 - 0x00000000722b5000 	C:\Program Files\Java\jre7\bin\zip.dll

VM Arguments:
jvm_args: -agentlib:jdwp=transport=dt_socket,suspend=y,address=localhost:64620 -Dfile.encoding=UTF-8 -Xbootclasspath:R:\node_workspace\android\adt-bundle-windows-x86_64-20131030\sdk\platforms\android-16\android.jar 
java_command: ExampleClientTest
Launcher Type: SUN_STANDARD

Environment Variables:
JAVA_HOME=C:\Program Files\Java\jdk1.7.0_25
CLASSPATH=.;C:\Program Files\Java\jdk1.7.0_25/lib/dt.jar;C:\Program Files\Java\jdk1.7.0_25/lib/tools.jar
PATH=C:\Program Files (x86)\PC Connectivity Solution\;E:\PHP\;C:\windows\system32;C:\windows;C:\windows\System32\Wbem;C:\windows\System32\WindowsPowerShell\v1.0\;C:\Program Files\Java\jdk1.7.0_25/bin;C:\Program Files (x86)\TortoiseSVN\bin;C:\Program Files\TortoiseSVN\bin;C:\Program Files\MinGW\bin;C:\Program Files\MinGW\msys\1.0\bin;C:\MinGW\mingw32\bin;C:\Program Files\TortoiseGit\bin;C:\Program Files\nodejs\;H:\apache-maven-3.1.0\bin\bin;C:\Users\kenzfliang\AppData\Roaming\npm
USERNAME=kenzfliang
OS=Windows_NT
PROCESSOR_IDENTIFIER=AMD64 Family 16 Model 4 Stepping 2, AuthenticAMD



---------------  S Y S T E M  ---------------

OS: Windows 7 , 64 bit Build 7601 Service Pack 1

CPU:total 4 (4 cores per cpu, 1 threads per core) family 16 model 4 stepping 2, cmov, cx8, fxsr, mmx, sse, sse2, sse3, popcnt, mmxext, 3dnowpref, lzcnt, sse4a, tsc, tscinvbit, tscinv

Memory: 4k page, physical 3931320k(647632k free), swap 8241128k(1853468k free)

vm_info: Java HotSpot(TM) 64-Bit Server VM (23.25-b01) for windows-amd64 JRE (1.7.0_25-b17), built on Jun 21 2013 12:58:32 by "java_re" with unknown MS VC++:1600

time: Mon Jan 06 19:07:14 2014
elapsed time: 0 seconds

